{"/root/.openclaw/workspace/agents/tang-seng/HelloWorld/backend/server.js": {"path":"/root/.openclaw/workspace/agents/tang-seng/HelloWorld/backend/server.js","statementMap":{"0":{"start":{"line":1,"column":16},"end":{"line":1,"column":34}},"1":{"start":{"line":2,"column":13},"end":{"line":2,"column":28}},"2":{"start":{"line":3,"column":18},"end":{"line":3,"column":41}},"3":{"start":{"line":5,"column":12},"end":{"line":5,"column":21}},"4":{"start":{"line":6,"column":13},"end":{"line":6,"column":37}},"5":{"start":{"line":9,"column":0},"end":{"line":15,"column":3}},"6":{"start":{"line":10,"column":20},"end":{"line":10,"column":44}},"7":{"start":{"line":11,"column":17},"end":{"line":11,"column":27}},"8":{"start":{"line":12,"column":14},"end":{"line":12,"column":21}},"9":{"start":{"line":13,"column":2},"end":{"line":13,"column":49}},"10":{"start":{"line":14,"column":2},"end":{"line":14,"column":9}},"11":{"start":{"line":18,"column":0},"end":{"line":18,"column":16}},"12":{"start":{"line":19,"column":0},"end":{"line":19,"column":24}},"13":{"start":{"line":22,"column":0},"end":{"line":22,"column":62}},"14":{"start":{"line":25,"column":0},"end":{"line":25,"column":27}},"15":{"start":{"line":28,"column":0},"end":{"line":35,"column":3}},"16":{"start":{"line":29,"column":2},"end":{"line":34,"column":5}},"17":{"start":{"line":38,"column":0},"end":{"line":45,"column":3}},"18":{"start":{"line":39,"column":2},"end":{"line":44,"column":5}},"19":{"start":{"line":48,"column":0},"end":{"line":59,"column":3}},"20":{"start":{"line":49,"column":20},"end":{"line":49,"column":44}},"21":{"start":{"line":50,"column":2},"end":{"line":50,"column":51}},"22":{"start":{"line":51,"column":2},"end":{"line":51,"column":27}},"23":{"start":{"line":53,"column":2},"end":{"line":58,"column":5}},"24":{"start":{"line":62,"column":0},"end":{"line":65,"column":3}},"25":{"start":{"line":63,"column":2},"end":{"line":63,"column":42}},"26":{"start":{"line":64,"column":2},"end":{"line":64,"column":18}},"27":{"start":{"line":67,"column":0},"end":{"line":70,"column":3}},"28":{"start":{"line":68,"column":2},"end":{"line":68,"column":41}},"29":{"start":{"line":69,"column":2},"end":{"line":69,"column":18}},"30":{"start":{"line":73,"column":15},"end":{"line":77,"column":2}},"31":{"start":{"line":74,"column":2},"end":{"line":74,"column":53}},"32":{"start":{"line":75,"column":2},"end":{"line":75,"column":56}},"33":{"start":{"line":76,"column":2},"end":{"line":76,"column":57}},"34":{"start":{"line":80,"column":0},"end":{"line":87,"column":3}},"35":{"start":{"line":81,"column":2},"end":{"line":85,"column":3}},"36":{"start":{"line":82,"column":4},"end":{"line":82,"column":54}},"37":{"start":{"line":84,"column":4},"end":{"line":84,"column":45}},"38":{"start":{"line":86,"column":2},"end":{"line":86,"column":18}},"39":{"start":{"line":89,"column":0},"end":{"line":89,"column":21}}},"fnMap":{"0":{"name":"(anonymous_0)","decl":{"start":{"line":9,"column":8},"end":{"line":9,"column":9}},"loc":{"start":{"line":9,"column":28},"end":{"line":15,"column":1}},"line":9},"1":{"name":"(anonymous_1)","decl":{"start":{"line":28,"column":19},"end":{"line":28,"column":20}},"loc":{"start":{"line":28,"column":33},"end":{"line":35,"column":1}},"line":28},"2":{"name":"(anonymous_2)","decl":{"start":{"line":38,"column":8},"end":{"line":38,"column":9}},"loc":{"start":{"line":38,"column":28},"end":{"line":45,"column":1}},"line":38},"3":{"name":"(anonymous_3)","decl":{"start":{"line":48,"column":8},"end":{"line":48,"column":9}},"loc":{"start":{"line":48,"column":33},"end":{"line":59,"column":1}},"line":48},"4":{"name":"(anonymous_4)","decl":{"start":{"line":62,"column":22},"end":{"line":62,"column":23}},"loc":{"start":{"line":62,"column":28},"end":{"line":65,"column":1}},"line":62},"5":{"name":"(anonymous_5)","decl":{"start":{"line":67,"column":21},"end":{"line":67,"column":22}},"loc":{"start":{"line":67,"column":27},"end":{"line":70,"column":1}},"line":67},"6":{"name":"(anonymous_6)","decl":{"start":{"line":73,"column":32},"end":{"line":73,"column":33}},"loc":{"start":{"line":73,"column":38},"end":{"line":77,"column":1}},"line":73},"7":{"name":"(anonymous_7)","decl":{"start":{"line":80,"column":19},"end":{"line":80,"column":20}},"loc":{"start":{"line":80,"column":28},"end":{"line":87,"column":1}},"line":80}},"branchMap":{"0":{"loc":{"start":{"line":6,"column":13},"end":{"line":6,"column":37}},"type":"binary-expr","locations":[{"start":{"line":6,"column":13},"end":{"line":6,"column":29}},{"start":{"line":6,"column":33},"end":{"line":6,"column":37}}],"line":6},"1":{"loc":{"start":{"line":53,"column":13},"end":{"line":53,"column":30}},"type":"binary-expr","locations":[{"start":{"line":53,"column":13},"end":{"line":53,"column":23}},{"start":{"line":53,"column":27},"end":{"line":53,"column":30}}],"line":53},"2":{"loc":{"start":{"line":55,"column":11},"end":{"line":55,"column":46}},"type":"binary-expr","locations":[{"start":{"line":55,"column":11},"end":{"line":55,"column":19}},{"start":{"line":55,"column":23},"end":{"line":55,"column":46}}],"line":55},"3":{"loc":{"start":{"line":56,"column":13},"end":{"line":56,"column":76}},"type":"cond-expr","locations":[{"start":{"line":56,"column":53},"end":{"line":56,"column":62}},{"start":{"line":56,"column":65},"end":{"line":56,"column":76}}],"line":56},"4":{"loc":{"start":{"line":81,"column":2},"end":{"line":85,"column":3}},"type":"if","locations":[{"start":{"line":81,"column":2},"end":{"line":85,"column":3}},{"start":{"line":83,"column":9},"end":{"line":85,"column":3}}],"line":81}},"s":{"0":1,"1":1,"2":1,"3":1,"4":1,"5":1,"6":9,"7":9,"8":9,"9":9,"10":9,"11":1,"12":1,"13":1,"14":1,"15":1,"16":1,"17":1,"18":1,"19":1,"20":3,"21":3,"22":3,"23":3,"24":1,"25":0,"26":0,"27":1,"28":0,"29":0,"30":1,"31":1,"32":1,"33":1,"34":1,"35":0,"36":0,"37":0,"38":0,"39":1},"f":{"0":9,"1":1,"2":1,"3":3,"4":0,"5":0,"6":1,"7":0},"b":{"0":[1,1],"1":[3,0],"2":[3,0],"3":[0,3],"4":[0,0]},"_coverageSchema":"1a1c01bbd47fc00a2c39e90264f33305004495a9","hash":"7ed7b712fc6e23867609dc91476ba73abb692149"}
,"/root/.openclaw/workspace/agents/tang-seng/HelloWorld/backend/routes/api.js": {"path":"/root/.openclaw/workspace/agents/tang-seng/HelloWorld/backend/routes/api.js","statementMap":{"0":{"start":{"line":1,"column":16},"end":{"line":1,"column":34}},"1":{"start":{"line":2,"column":15},"end":{"line":2,"column":31}},"2":{"start":{"line":7,"column":4},"end":{"line":7,"column":19}},"3":{"start":{"line":8,"column":4},"end":{"line":8,"column":27}},"4":{"start":{"line":9,"column":4},"end":{"line":9,"column":25}},"5":{"start":{"line":14,"column":0},"end":{"line":27,"column":3}},"6":{"start":{"line":15,"column":2},"end":{"line":26,"column":3}},"7":{"start":{"line":16,"column":25},"end":{"line":21,"column":5}},"8":{"start":{"line":22,"column":4},"end":{"line":22,"column":37}},"9":{"start":{"line":23,"column":4},"end":{"line":23,"column":27}},"10":{"start":{"line":25,"column":4},"end":{"line":25,"column":16}},"11":{"start":{"line":30,"column":0},"end":{"line":54,"column":3}},"12":{"start":{"line":31,"column":2},"end":{"line":53,"column":3}},"13":{"start":{"line":32,"column":21},"end":{"line":32,"column":31}},"14":{"start":{"line":35,"column":4},"end":{"line":37,"column":5}},"15":{"start":{"line":36,"column":6},"end":{"line":36,"column":45}},"16":{"start":{"line":39,"column":4},"end":{"line":41,"column":5}},"17":{"start":{"line":40,"column":6},"end":{"line":40,"column":54}},"18":{"start":{"line":43,"column":25},"end":{"line":48,"column":5}},"19":{"start":{"line":49,"column":4},"end":{"line":49,"column":55}},"20":{"start":{"line":50,"column":4},"end":{"line":50,"column":27}},"21":{"start":{"line":52,"column":4},"end":{"line":52,"column":16}},"22":{"start":{"line":57,"column":0},"end":{"line":80,"column":3}},"23":{"start":{"line":58,"column":2},"end":{"line":79,"column":3}},"24":{"start":{"line":59,"column":25},"end":{"line":74,"column":5}},"25":{"start":{"line":75,"column":4},"end":{"line":75,"column":36}},"26":{"start":{"line":76,"column":4},"end":{"line":76,"column":27}},"27":{"start":{"line":78,"column":4},"end":{"line":78,"column":16}},"28":{"start":{"line":83,"column":0},"end":{"line":85,"column":3}},"29":{"start":{"line":84,"column":2},"end":{"line":84,"column":64}},"30":{"start":{"line":87,"column":0},"end":{"line":87,"column":24}}},"fnMap":{"0":{"name":"(anonymous_0)","decl":{"start":{"line":6,"column":2},"end":{"line":6,"column":3}},"loc":{"start":{"line":6,"column":37},"end":{"line":10,"column":3}},"line":6},"1":{"name":"(anonymous_1)","decl":{"start":{"line":14,"column":21},"end":{"line":14,"column":22}},"loc":{"start":{"line":14,"column":41},"end":{"line":27,"column":1}},"line":14},"2":{"name":"(anonymous_2)","decl":{"start":{"line":30,"column":30},"end":{"line":30,"column":31}},"loc":{"start":{"line":30,"column":50},"end":{"line":54,"column":1}},"line":30},"3":{"name":"(anonymous_3)","decl":{"start":{"line":57,"column":20},"end":{"line":57,"column":21}},"loc":{"start":{"line":57,"column":40},"end":{"line":80,"column":1}},"line":57},"4":{"name":"(anonymous_4)","decl":{"start":{"line":83,"column":11},"end":{"line":83,"column":12}},"loc":{"start":{"line":83,"column":31},"end":{"line":85,"column":1}},"line":83}},"branchMap":{"0":{"loc":{"start":{"line":6,"column":23},"end":{"line":6,"column":35}},"type":"default-arg","locations":[{"start":{"line":6,"column":32},"end":{"line":6,"column":35}}],"line":6},"1":{"loc":{"start":{"line":35,"column":4},"end":{"line":37,"column":5}},"type":"if","locations":[{"start":{"line":35,"column":4},"end":{"line":37,"column":5}},{"start":{},"end":{}}],"line":35},"2":{"loc":{"start":{"line":35,"column":8},"end":{"line":35,"column":35}},"type":"binary-expr","locations":[{"start":{"line":35,"column":8},"end":{"line":35,"column":13}},{"start":{"line":35,"column":17},"end":{"line":35,"column":35}}],"line":35},"3":{"loc":{"start":{"line":39,"column":4},"end":{"line":41,"column":5}},"type":"if","locations":[{"start":{"line":39,"column":4},"end":{"line":41,"column":5}},{"start":{},"end":{}}],"line":39}},"s":{"0":1,"1":1,"2":3,"3":3,"4":3,"5":1,"6":1,"7":1,"8":1,"9":1,"10":0,"11":1,"12":3,"13":3,"14":3,"15":0,"16":3,"17":1,"18":2,"19":2,"20":2,"21":1,"22":1,"23":1,"24":1,"25":1,"26":1,"27":0,"28":1,"29":2,"30":1},"f":{"0":3,"1":1,"2":3,"3":1,"4":2},"b":{"0":[0],"1":[0,3],"2":[3,3],"3":[1,2]},"_coverageSchema":"1a1c01bbd47fc00a2c39e90264f33305004495a9","hash":"3710cc4cf028b19981d6d2c670a625225eb4c92d"}
}
