TN:
SF:server.js
FN:9,(anonymous_0)
FN:28,(anonymous_1)
FN:38,(anonymous_2)
FN:48,(anonymous_3)
FN:62,(anonymous_4)
FN:67,(anonymous_5)
FN:73,(anonymous_6)
FN:80,(anonymous_7)
FNF:8
FNH:5
FNDA:9,(anonymous_0)
FNDA:1,(anonymous_1)
FNDA:1,(anonymous_2)
FNDA:3,(anonymous_3)
FNDA:0,(anonymous_4)
FNDA:0,(anonymous_5)
FNDA:1,(anonymous_6)
FNDA:0,(anonymous_7)
DA:1,1
DA:2,1
DA:3,1
DA:5,1
DA:6,1
DA:9,1
DA:10,9
DA:11,9
DA:12,9
DA:13,9
DA:14,9
DA:18,1
DA:19,1
DA:22,1
DA:25,1
DA:28,1
DA:29,1
DA:38,1
DA:39,1
DA:48,1
DA:49,3
DA:50,3
DA:51,3
DA:53,3
DA:62,1
DA:63,0
DA:64,0
DA:67,1
DA:68,0
DA:69,0
DA:73,1
DA:74,1
DA:75,1
DA:76,1
DA:80,1
DA:81,0
DA:82,0
DA:84,0
DA:86,0
DA:89,1
LF:40
LH:32
BRDA:6,0,0,1
BRDA:6,0,1,1
BRDA:53,1,0,3
BRDA:53,1,1,0
BRDA:55,2,0,3
BRDA:55,2,1,0
BRDA:56,3,0,0
BRDA:56,3,1,3
BRDA:81,4,0,0
BRDA:81,4,1,0
BRF:10
BRH:5
end_of_record
TN:
SF:routes/api.js
FN:6,(anonymous_0)
FN:14,(anonymous_1)
FN:30,(anonymous_2)
FN:57,(anonymous_3)
FN:83,(anonymous_4)
FNF:5
FNH:5
FNDA:3,(anonymous_0)
FNDA:1,(anonymous_1)
FNDA:3,(anonymous_2)
FNDA:1,(anonymous_3)
FNDA:2,(anonymous_4)
DA:1,1
DA:2,1
DA:7,3
DA:8,3
DA:9,3
DA:14,1
DA:15,1
DA:16,1
DA:22,1
DA:23,1
DA:25,0
DA:30,1
DA:31,3
DA:32,3
DA:35,3
DA:36,0
DA:39,3
DA:40,1
DA:43,2
DA:49,2
DA:50,2
DA:52,1
DA:57,1
DA:58,1
DA:59,1
DA:75,1
DA:76,1
DA:78,0
DA:83,1
DA:84,2
DA:87,1
LF:31
LH:28
BRDA:6,0,0,0
BRDA:35,1,0,0
BRDA:35,1,1,3
BRDA:35,2,0,3
BRDA:35,2,1,3
BRDA:39,3,0,1
BRDA:39,3,1,2
BRF:7
BRH:5
end_of_record
